{"/Users/iscetinin/Desktop/Development/test-task/src/modules/user/__tests__/fixtures.ts": {"path":"/Users/iscetinin/Desktop/Development/test-task/src/modules/user/__tests__/fixtures.ts","statementMap":{"0":{"start":{"line":1,"column":0},"end":{"line":1,"column":41}},"1":{"start":{"line":2,"column":0},"end":{"line":2,"column":41}},"2":{"start":{"line":4,"column":13},"end":{"line":13,"column":null}},"3":{"start":{"line":15,"column":13},"end":{"line":24,"column":null}},"4":{"start":{"line":26,"column":13},"end":{"line":43,"column":4}},"5":{"start":{"line":36,"column":19},"end":{"line":43,"column":2}},"6":{"start":{"line":44,"column":13},"end":{"line":63,"column":4}},"7":{"start":{"line":55,"column":19},"end":{"line":63,"column":2}}},"fnMap":{"0":{"name":"(anonymous_0)","decl":{"start":{"line":36,"column":12},"end":{"line":36,"column":15}},"loc":{"start":{"line":36,"column":19},"end":{"line":43,"column":2}}},"1":{"name":"(anonymous_1)","decl":{"start":{"line":55,"column":12},"end":{"line":55,"column":15}},"loc":{"start":{"line":55,"column":19},"end":{"line":63,"column":2}}}},"branchMap":{},"s":{"0":2,"1":2,"2":2,"3":2,"4":2,"5":6,"6":2,"7":8},"f":{"0":6,"1":8},"b":{}}
,"/Users/iscetinin/Desktop/Development/test-task/src/modules/user/dto/create-user.dto.ts": {"path":"/Users/iscetinin/Desktop/Development/test-task/src/modules/user/dto/create-user.dto.ts","statementMap":{"0":{"start":{"line":1,"column":0},"end":{"line":1,"column":null}},"1":{"start":{"line":7,"column":0},"end":{"line":7,"column":48}},"2":{"start":{"line":11,"column":0},"end":{"line":33,"column":null}},"3":{"start":{"line":16,"column":2},"end":{"line":16,"column":null}},"4":{"start":{"line":22,"column":2},"end":{"line":22,"column":null}},"5":{"start":{"line":29,"column":2},"end":{"line":29,"column":null}},"6":{"start":{"line":32,"column":2},"end":{"line":32,"column":null}},"7":{"start":{"line":11,"column":13},"end":{"line":33,"column":null}},"8":{"start":{"line":11,"column":13},"end":{"line":11,"column":26}}},"fnMap":{},"branchMap":{},"s":{"0":1,"1":1,"2":1,"3":1,"4":1,"5":1,"6":1,"7":1,"8":1},"f":{},"b":{}}
,"/Users/iscetinin/Desktop/Development/test-task/src/modules/user/dto/index.ts": {"path":"/Users/iscetinin/Desktop/Development/test-task/src/modules/user/dto/index.ts","statementMap":{"0":{"start":{"line":1,"column":0},"end":{"line":1,"column":34}}},"fnMap":{},"branchMap":{},"s":{"0":1},"f":{},"b":{}}
,"/Users/iscetinin/Desktop/Development/test-task/src/modules/user/entities/index.ts": {"path":"/Users/iscetinin/Desktop/Development/test-task/src/modules/user/entities/index.ts","statementMap":{"0":{"start":{"line":1,"column":0},"end":{"line":1,"column":30}}},"fnMap":{},"branchMap":{},"s":{"0":2},"f":{},"b":{}}
,"/Users/iscetinin/Desktop/Development/test-task/src/modules/user/entities/user.entity.ts": {"path":"/Users/iscetinin/Desktop/Development/test-task/src/modules/user/entities/user.entity.ts","statementMap":{"0":{"start":{"line":1,"column":0},"end":{"line":1,"column":null}},"1":{"start":{"line":13,"column":0},"end":{"line":13,"column":53}},"2":{"start":{"line":14,"column":0},"end":{"line":14,"column":35}},"3":{"start":{"line":15,"column":0},"end":{"line":15,"column":36}},"4":{"start":{"line":17,"column":0},"end":{"line":17,"column":41}},"5":{"start":{"line":22,"column":23},"end":{"line":106,"column":null}},"6":{"start":{"line":86,"column":4},"end":{"line":86,"column":57}},"7":{"start":{"line":90,"column":4},"end":{"line":90,"column":50}},"8":{"start":{"line":95,"column":29},"end":{"line":95,"column":33}},"9":{"start":{"line":97,"column":4},"end":{"line":104,"column":6}},"10":{"start":{"line":25,"column":2},"end":{"line":25,"column":null}},"11":{"start":{"line":24,"column":17},"end":{"line":24,"column":19}},"12":{"start":{"line":29,"column":2},"end":{"line":29,"column":null}},"13":{"start":{"line":36,"column":2},"end":{"line":36,"column":null}},"14":{"start":{"line":39,"column":2},"end":{"line":39,"column":null}},"15":{"start":{"line":43,"column":2},"end":{"line":43,"column":null}},"16":{"start":{"line":47,"column":2},"end":{"line":47,"column":null}},"17":{"start":{"line":54,"column":2},"end":{"line":54,"column":null}},"18":{"start":{"line":51,"column":19},"end":{"line":51,"column":38}},"19":{"start":{"line":61,"column":2},"end":{"line":61,"column":null}},"20":{"start":{"line":58,"column":19},"end":{"line":58,"column":38}},"21":{"start":{"line":65,"column":2},"end":{"line":65,"column":null}},"22":{"start":{"line":73,"column":2},"end":{"line":73,"column":null}},"23":{"start":{"line":67,"column":17},"end":{"line":67,"column":27}},"24":{"start":{"line":69,"column":10},"end":{"line":69,"column":20}},"25":{"start":{"line":70,"column":12},"end":{"line":70,"column":29}},"26":{"start":{"line":82,"column":2},"end":{"line":82,"column":null}},"27":{"start":{"line":75,"column":17},"end":{"line":75,"column":27}},"28":{"start":{"line":77,"column":10},"end":{"line":77,"column":20}},"29":{"start":{"line":78,"column":12},"end":{"line":78,"column":24}},"30":{"start":{"line":85,"column":2},"end":{"line":87,"column":null}},"31":{"start":{"line":94,"column":2},"end":{"line":105,"column":null}},"32":{"start":{"line":22,"column":13},"end":{"line":106,"column":null}},"33":{"start":{"line":22,"column":13},"end":{"line":22,"column":23}}},"fnMap":{"0":{"name":"(anonymous_2)","decl":{"start":{"line":85,"column":2},"end":{"line":85,"column":7}},"loc":{"start":{"line":85,"column":20},"end":{"line":87,"column":3}}},"1":{"name":"(anonymous_3)","decl":{"start":{"line":89,"column":2},"end":{"line":89,"column":7}},"loc":{"start":{"line":89,"column":39},"end":{"line":91,"column":3}}},"2":{"name":"(anonymous_4)","decl":{"start":{"line":94,"column":2},"end":{"line":94,"column":14}},"loc":{"start":{"line":94,"column":19},"end":{"line":105,"column":3}}},"3":{"name":"(anonymous_5)","decl":{"start":{"line":24,"column":9},"end":{"line":24,"column":13}},"loc":{"start":{"line":24,"column":17},"end":{"line":24,"column":19}}},"4":{"name":"(anonymous_6)","decl":{"start":{"line":51,"column":13},"end":{"line":51,"column":16}},"loc":{"start":{"line":51,"column":19},"end":{"line":51,"column":38}}},"5":{"name":"(anonymous_7)","decl":{"start":{"line":58,"column":13},"end":{"line":58,"column":16}},"loc":{"start":{"line":58,"column":19},"end":{"line":58,"column":38}}},"6":{"name":"(anonymous_8)","decl":{"start":{"line":67,"column":9},"end":{"line":67,"column":13}},"loc":{"start":{"line":67,"column":17},"end":{"line":67,"column":27}}},"7":{"name":"(anonymous_9)","decl":{"start":{"line":69,"column":4},"end":{"line":69,"column":7}},"loc":{"start":{"line":69,"column":10},"end":{"line":69,"column":20}}},"8":{"name":"(anonymous_10)","decl":{"start":{"line":70,"column":4},"end":{"line":70,"column":8}},"loc":{"start":{"line":70,"column":12},"end":{"line":70,"column":29}}},"9":{"name":"(anonymous_11)","decl":{"start":{"line":75,"column":9},"end":{"line":75,"column":13}},"loc":{"start":{"line":75,"column":17},"end":{"line":75,"column":27}}},"10":{"name":"(anonymous_12)","decl":{"start":{"line":77,"column":4},"end":{"line":77,"column":7}},"loc":{"start":{"line":77,"column":10},"end":{"line":77,"column":20}}},"11":{"name":"(anonymous_13)","decl":{"start":{"line":78,"column":4},"end":{"line":78,"column":8}},"loc":{"start":{"line":78,"column":12},"end":{"line":78,"column":24}}}},"branchMap":{},"s":{"0":2,"1":2,"2":2,"3":2,"4":2,"5":2,"6":0,"7":0,"8":0,"9":0,"10":2,"11":0,"12":2,"13":2,"14":2,"15":2,"16":2,"17":2,"18":0,"19":2,"20":0,"21":2,"22":2,"23":0,"24":0,"25":0,"26":2,"27":0,"28":0,"29":0,"30":2,"31":2,"32":2,"33":2},"f":{"0":0,"1":0,"2":0,"3":0,"4":0,"5":0,"6":0,"7":0,"8":0,"9":0,"10":0,"11":0},"b":{}}
,"/Users/iscetinin/Desktop/Development/test-task/src/modules/user/guards/index.ts": {"path":"/Users/iscetinin/Desktop/Development/test-task/src/modules/user/guards/index.ts","statementMap":{"0":{"start":{"line":1,"column":0},"end":{"line":1,"column":29}}},"fnMap":{},"branchMap":{},"s":{"0":1},"f":{},"b":{}}
,"/Users/iscetinin/Desktop/Development/test-task/src/modules/user/guards/user.guard.ts": {"path":"/Users/iscetinin/Desktop/Development/test-task/src/modules/user/guards/user.guard.ts","statementMap":{"0":{"start":{"line":1,"column":0},"end":{"line":1,"column":null}},"1":{"start":{"line":8,"column":0},"end":{"line":8,"column":54}},"2":{"start":{"line":9,"column":0},"end":{"line":9,"column":36}},"3":{"start":{"line":12,"column":0},"end":{"line":44,"column":null}},"4":{"start":{"line":14,"column":20},"end":{"line":14,"column":55}},"5":{"start":{"line":15,"column":4},"end":{"line":28,"column":null}},"6":{"start":{"line":16,"column":6},"end":{"line":18,"column":null}},"7":{"start":{"line":17,"column":8},"end":{"line":17,"column":21}},"8":{"start":{"line":19,"column":6},"end":{"line":19,"column":77}},"9":{"start":{"line":20,"column":6},"end":{"line":20,"column":18}},"10":{"start":{"line":22,"column":23},"end":{"line":22,"column":71}},"11":{"start":{"line":23,"column":6},"end":{"line":25,"column":null}},"12":{"start":{"line":24,"column":8},"end":{"line":24,"column":21}},"13":{"start":{"line":26,"column":6},"end":{"line":26,"column":69}},"14":{"start":{"line":27,"column":6},"end":{"line":27,"column":18}},"15":{"start":{"line":32,"column":4},"end":{"line":34,"column":null}},"16":{"start":{"line":33,"column":6},"end":{"line":33,"column":72}},"17":{"start":{"line":35,"column":18},"end":{"line":35,"column":36}},"18":{"start":{"line":37,"column":4},"end":{"line":42,"column":null}},"19":{"start":{"line":38,"column":6},"end":{"line":38,"column":57}},"20":{"start":{"line":40,"column":22},"end":{"line":40,"column":65}},"21":{"start":{"line":41,"column":6},"end":{"line":41,"column":64}},"22":{"start":{"line":12,"column":13},"end":{"line":44,"column":null}},"23":{"start":{"line":12,"column":13},"end":{"line":12,"column":22}}},"fnMap":{"0":{"name":"(anonymous_1)","decl":{"start":{"line":13,"column":2},"end":{"line":13,"column":7}},"loc":{"start":{"line":13,"column":45},"end":{"line":29,"column":3}}},"1":{"name":"(anonymous_2)","decl":{"start":{"line":31,"column":2},"end":{"line":31,"column":7}},"loc":{"start":{"line":31,"column":34},"end":{"line":43,"column":3}}}},"branchMap":{"0":{"loc":{"start":{"line":15,"column":4},"end":{"line":28,"column":null}},"type":"if","locations":[{"start":{"line":15,"column":4},"end":{"line":28,"column":null}},{"start":{"line":15,"column":4},"end":{"line":28,"column":null}}]},"1":{"loc":{"start":{"line":16,"column":6},"end":{"line":18,"column":null}},"type":"if","locations":[{"start":{"line":16,"column":6},"end":{"line":18,"column":null}},{"start":{"line":16,"column":6},"end":{"line":18,"column":null}}]},"2":{"loc":{"start":{"line":23,"column":6},"end":{"line":25,"column":null}},"type":"if","locations":[{"start":{"line":23,"column":6},"end":{"line":25,"column":null}},{"start":{"line":23,"column":6},"end":{"line":25,"column":null}}]},"3":{"loc":{"start":{"line":32,"column":4},"end":{"line":34,"column":null}},"type":"if","locations":[{"start":{"line":32,"column":4},"end":{"line":34,"column":null}},{"start":{"line":32,"column":4},"end":{"line":34,"column":null}}]},"4":{"loc":{"start":{"line":40,"column":41},"end":{"line":40,"column":52}},"type":"binary-expr","locations":[{"start":{"line":40,"column":41},"end":{"line":40,"column":52}},{"start":{"line":40,"column":56},"end":{"line":40,"column":64}}]}},"s":{"0":1,"1":1,"2":1,"3":1,"4":0,"5":0,"6":0,"7":0,"8":0,"9":0,"10":0,"11":0,"12":0,"13":0,"14":0,"15":0,"16":0,"17":0,"18":0,"19":0,"20":0,"21":0,"22":1,"23":1},"f":{"0":0,"1":0},"b":{"0":[0,0],"1":[0,0],"2":[0,0],"3":[0,0],"4":[0,0]}}
,"/Users/iscetinin/Desktop/Development/test-task/src/modules/user/interfaces/index.ts": {"path":"/Users/iscetinin/Desktop/Development/test-task/src/modules/user/interfaces/index.ts","statementMap":{"0":{"start":{"line":2,"column":0},"end":{"line":2,"column":28}}},"fnMap":{},"branchMap":{},"s":{"0":2},"f":{},"b":{}}
,"/Users/iscetinin/Desktop/Development/test-task/src/modules/user/interfaces/user.type.ts": {"path":"/Users/iscetinin/Desktop/Development/test-task/src/modules/user/interfaces/user.type.ts","statementMap":{"0":{"start":{"line":1,"column":0},"end":{"line":1,"column":null}},"1":{"start":{"line":2,"column":2},"end":{"line":2,"column":null}},"2":{"start":{"line":3,"column":2},"end":{"line":3,"column":null}},"3":{"start":{"line":4,"column":2},"end":{"line":4,"column":null}}},"fnMap":{"0":{"name":"(anonymous_0)","decl":{"start":{"line":1,"column":0},"end":{"line":1,"column":12}},"loc":{"start":{"line":1,"column":20},"end":{"line":5,"column":1}}}},"branchMap":{"0":{"loc":{"start":{"line":1,"column":12},"end":{"line":1,"column":20}},"type":"binary-expr","locations":[{"start":{"line":1,"column":12},"end":{"line":1,"column":20}},{"start":{"line":1,"column":12},"end":{"line":1,"column":null}}]}},"s":{"0":2,"1":2,"2":2,"3":2},"f":{"0":2},"b":{"0":[2,2]}}
,"/Users/iscetinin/Desktop/Development/test-task/src/modules/user/resolvers/index.ts": {"path":"/Users/iscetinin/Desktop/Development/test-task/src/modules/user/resolvers/index.ts","statementMap":{"0":{"start":{"line":1,"column":0},"end":{"line":1,"column":32}}},"fnMap":{},"branchMap":{},"s":{"0":1},"f":{},"b":{}}
,"/Users/iscetinin/Desktop/Development/test-task/src/modules/user/resolvers/user.resolver.ts": {"path":"/Users/iscetinin/Desktop/Development/test-task/src/modules/user/resolvers/user.resolver.ts","statementMap":{"0":{"start":{"line":1,"column":0},"end":{"line":1,"column":43}},"1":{"start":{"line":2,"column":0},"end":{"line":2,"column":66}},"2":{"start":{"line":4,"column":0},"end":{"line":4,"column":38}},"3":{"start":{"line":5,"column":0},"end":{"line":5,"column":42}},"4":{"start":{"line":6,"column":0},"end":{"line":6,"column":39}},"5":{"start":{"line":7,"column":0},"end":{"line":7,"column":41}},"6":{"start":{"line":10,"column":0},"end":{"line":59,"column":null}},"7":{"start":{"line":11,"column":31},"end":{"line":11,"column":44}},"8":{"start":{"line":16,"column":4},"end":{"line":16,"column":38}},"9":{"start":{"line":25,"column":4},"end":{"line":25,"column":44}},"10":{"start":{"line":30,"column":4},"end":{"line":30,"column":41}},"11":{"start":{"line":38,"column":4},"end":{"line":38,"column":58}},"12":{"start":{"line":43,"column":4},"end":{"line":43,"column":40}},"13":{"start":{"line":51,"column":4},"end":{"line":51,"column":63}},"14":{"start":{"line":57,"column":4},"end":{"line":57,"column":39}},"15":{"start":{"line":15,"column":2},"end":{"line":17,"column":null}},"16":{"start":{"line":13,"column":20},"end":{"line":13,"column":32}},"17":{"start":{"line":21,"column":2},"end":{"line":26,"column":null}},"18":{"start":{"line":19,"column":20},"end":{"line":19,"column":30}},"19":{"start":{"line":29,"column":2},"end":{"line":31,"column":null}},"20":{"start":{"line":28,"column":23},"end":{"line":28,"column":33}},"21":{"start":{"line":34,"column":2},"end":{"line":39,"column":null}},"22":{"start":{"line":33,"column":23},"end":{"line":33,"column":33}},"23":{"start":{"line":42,"column":2},"end":{"line":44,"column":null}},"24":{"start":{"line":41,"column":23},"end":{"line":41,"column":33}},"25":{"start":{"line":47,"column":2},"end":{"line":52,"column":null}},"26":{"start":{"line":46,"column":23},"end":{"line":46,"column":33}},"27":{"start":{"line":56,"column":2},"end":{"line":58,"column":null}},"28":{"start":{"line":54,"column":23},"end":{"line":54,"column":33}},"29":{"start":{"line":10,"column":13},"end":{"line":59,"column":null}},"30":{"start":{"line":9,"column":16},"end":{"line":9,"column":26}},"31":{"start":{"line":10,"column":13},"end":{"line":10,"column":25}}},"fnMap":{"0":{"name":"(anonymous_4)","decl":{"start":{"line":11,"column":2},"end":{"line":11,"column":31}},"loc":{"start":{"line":11,"column":55},"end":{"line":11,"column":59}}},"1":{"name":"(anonymous_5)","decl":{"start":{"line":15,"column":2},"end":{"line":15,"column":7}},"loc":{"start":{"line":15,"column":16},"end":{"line":17,"column":3}}},"2":{"name":"(anonymous_6)","decl":{"start":{"line":21,"column":2},"end":{"line":21,"column":7}},"loc":{"start":{"line":23,"column":14},"end":{"line":26,"column":3}}},"3":{"name":"(anonymous_7)","decl":{"start":{"line":29,"column":2},"end":{"line":29,"column":7}},"loc":{"start":{"line":29,"column":54},"end":{"line":31,"column":3}}},"4":{"name":"(anonymous_8)","decl":{"start":{"line":34,"column":2},"end":{"line":34,"column":7}},"loc":{"start":{"line":36,"column":38},"end":{"line":39,"column":3}}},"5":{"name":"(anonymous_9)","decl":{"start":{"line":42,"column":2},"end":{"line":42,"column":7}},"loc":{"start":{"line":42,"column":38},"end":{"line":44,"column":3}}},"6":{"name":"(anonymous_10)","decl":{"start":{"line":47,"column":2},"end":{"line":47,"column":7}},"loc":{"start":{"line":49,"column":40},"end":{"line":52,"column":3}}},"7":{"name":"(anonymous_11)","decl":{"start":{"line":56,"column":2},"end":{"line":56,"column":7}},"loc":{"start":{"line":56,"column":37},"end":{"line":58,"column":3}}},"8":{"name":"(anonymous_12)","decl":{"start":{"line":13,"column":9},"end":{"line":13,"column":16}},"loc":{"start":{"line":13,"column":20},"end":{"line":13,"column":32}}},"9":{"name":"(anonymous_13)","decl":{"start":{"line":19,"column":9},"end":{"line":19,"column":16}},"loc":{"start":{"line":19,"column":20},"end":{"line":19,"column":30}}},"10":{"name":"(anonymous_14)","decl":{"start":{"line":28,"column":12},"end":{"line":28,"column":19}},"loc":{"start":{"line":28,"column":23},"end":{"line":28,"column":33}}},"11":{"name":"(anonymous_15)","decl":{"start":{"line":33,"column":12},"end":{"line":33,"column":19}},"loc":{"start":{"line":33,"column":23},"end":{"line":33,"column":33}}},"12":{"name":"(anonymous_16)","decl":{"start":{"line":41,"column":12},"end":{"line":41,"column":19}},"loc":{"start":{"line":41,"column":23},"end":{"line":41,"column":33}}},"13":{"name":"(anonymous_17)","decl":{"start":{"line":46,"column":12},"end":{"line":46,"column":19}},"loc":{"start":{"line":46,"column":23},"end":{"line":46,"column":33}}},"14":{"name":"(anonymous_18)","decl":{"start":{"line":54,"column":12},"end":{"line":54,"column":19}},"loc":{"start":{"line":54,"column":23},"end":{"line":54,"column":33}}},"15":{"name":"(anonymous_19)","decl":{"start":{"line":9,"column":10},"end":{"line":9,"column":12}},"loc":{"start":{"line":9,"column":16},"end":{"line":9,"column":26}}}},"branchMap":{},"s":{"0":1,"1":1,"2":1,"3":1,"4":1,"5":1,"6":1,"7":8,"8":1,"9":1,"10":1,"11":1,"12":1,"13":1,"14":1,"15":1,"16":0,"17":1,"18":0,"19":1,"20":0,"21":1,"22":0,"23":1,"24":0,"25":1,"26":0,"27":1,"28":0,"29":1,"30":2,"31":1},"f":{"0":8,"1":1,"2":1,"3":1,"4":1,"5":1,"6":1,"7":1,"8":0,"9":0,"10":0,"11":0,"12":0,"13":0,"14":0,"15":2},"b":{}}
,"/Users/iscetinin/Desktop/Development/test-task/src/modules/user/services/index.ts": {"path":"/Users/iscetinin/Desktop/Development/test-task/src/modules/user/services/index.ts","statementMap":{"0":{"start":{"line":1,"column":0},"end":{"line":1,"column":31}}},"fnMap":{},"branchMap":{},"s":{"0":2},"f":{},"b":{}}
,"/Users/iscetinin/Desktop/Development/test-task/src/modules/user/services/user.service.ts": {"path":"/Users/iscetinin/Desktop/Development/test-task/src/modules/user/services/user.service.ts","statementMap":{"0":{"start":{"line":1,"column":0},"end":{"line":1,"column":71}},"1":{"start":{"line":2,"column":0},"end":{"line":2,"column":51}},"2":{"start":{"line":3,"column":0},"end":{"line":3,"column":37}},"3":{"start":{"line":5,"column":0},"end":{"line":5,"column":41}},"4":{"start":{"line":7,"column":0},"end":{"line":7,"column":41}},"5":{"start":{"line":10,"column":0},"end":{"line":126,"column":null}},"6":{"start":{"line":12,"column":51},"end":{"line":12,"column":57}},"7":{"start":{"line":16,"column":4},"end":{"line":16,"column":70}},"8":{"start":{"line":20,"column":25},"end":{"line":20,"column":29}},"9":{"start":{"line":21,"column":15},"end":{"line":21,"column":52}},"10":{"start":{"line":22,"column":4},"end":{"line":24,"column":null}},"11":{"start":{"line":23,"column":6},"end":{"line":23,"column":84}},"12":{"start":{"line":25,"column":4},"end":{"line":25,"column":34}},"13":{"start":{"line":26,"column":4},"end":{"line":28,"column":null}},"14":{"start":{"line":27,"column":6},"end":{"line":27,"column":61}},"15":{"start":{"line":29,"column":27},"end":{"line":29,"column":50}},"16":{"start":{"line":30,"column":4},"end":{"line":32,"column":null}},"17":{"start":{"line":31,"column":6},"end":{"line":31,"column":33}},"18":{"start":{"line":33,"column":4},"end":{"line":33,"column":38}},"19":{"start":{"line":35,"column":4},"end":{"line":35,"column":16}},"20":{"start":{"line":39,"column":17},"end":{"line":41,"column":null}},"21":{"start":{"line":43,"column":4},"end":{"line":48,"column":null}},"22":{"start":{"line":44,"column":6},"end":{"line":47,"column":8}},"23":{"start":{"line":50,"column":4},"end":{"line":50,"column":16}},"24":{"start":{"line":54,"column":17},"end":{"line":56,"column":6}},"25":{"start":{"line":57,"column":4},"end":{"line":59,"column":null}},"26":{"start":{"line":58,"column":6},"end":{"line":58,"column":75}},"27":{"start":{"line":61,"column":4},"end":{"line":61,"column":16}},"28":{"start":{"line":65,"column":4},"end":{"line":72,"column":null}},"29":{"start":{"line":66,"column":6},"end":{"line":66,"column":34}},"30":{"start":{"line":68,"column":6},"end":{"line":71,"column":8}},"31":{"start":{"line":76,"column":17},"end":{"line":76,"column":44}},"32":{"start":{"line":78,"column":4},"end":{"line":83,"column":null}},"33":{"start":{"line":79,"column":6},"end":{"line":82,"column":8}},"34":{"start":{"line":85,"column":4},"end":{"line":85,"column":33}},"35":{"start":{"line":87,"column":4},"end":{"line":87,"column":32}},"36":{"start":{"line":94,"column":17},"end":{"line":96,"column":6}},"37":{"start":{"line":97,"column":4},"end":{"line":99,"column":null}},"38":{"start":{"line":98,"column":6},"end":{"line":98,"column":75}},"39":{"start":{"line":100,"column":4},"end":{"line":105,"column":null}},"40":{"start":{"line":101,"column":6},"end":{"line":104,"column":8}},"41":{"start":{"line":106,"column":4},"end":{"line":111,"column":null}},"42":{"start":{"line":107,"column":6},"end":{"line":110,"column":8}},"43":{"start":{"line":112,"column":20},"end":{"line":112,"column":54}},"44":{"start":{"line":113,"column":4},"end":{"line":115,"column":null}},"45":{"start":{"line":114,"column":6},"end":{"line":114,"column":78}},"46":{"start":{"line":116,"column":4},"end":{"line":121,"column":null}},"47":{"start":{"line":117,"column":6},"end":{"line":120,"column":8}},"48":{"start":{"line":123,"column":4},"end":{"line":123,"column":27}},"49":{"start":{"line":124,"column":4},"end":{"line":124,"column":32}},"50":{"start":{"line":10,"column":13},"end":{"line":126,"column":null}},"51":{"start":{"line":10,"column":13},"end":{"line":10,"column":24}}},"fnMap":{"0":{"name":"(anonymous_4)","decl":{"start":{"line":11,"column":2},"end":{"line":11,"column":null}},"loc":{"start":{"line":12,"column":79},"end":{"line":13,"column":6}}},"1":{"name":"(anonymous_5)","decl":{"start":{"line":15,"column":2},"end":{"line":15,"column":7}},"loc":{"start":{"line":15,"column":15},"end":{"line":17,"column":3}}},"2":{"name":"(anonymous_6)","decl":{"start":{"line":19,"column":2},"end":{"line":19,"column":7}},"loc":{"start":{"line":19,"column":43},"end":{"line":36,"column":3}}},"3":{"name":"(anonymous_7)","decl":{"start":{"line":38,"column":2},"end":{"line":38,"column":7}},"loc":{"start":{"line":38,"column":36},"end":{"line":51,"column":3}}},"4":{"name":"(anonymous_8)","decl":{"start":{"line":53,"column":2},"end":{"line":53,"column":7}},"loc":{"start":{"line":53,"column":30},"end":{"line":62,"column":3}}},"5":{"name":"(anonymous_9)","decl":{"start":{"line":64,"column":2},"end":{"line":64,"column":7}},"loc":{"start":{"line":64,"column":25},"end":{"line":73,"column":3}}},"6":{"name":"(anonymous_10)","decl":{"start":{"line":75,"column":2},"end":{"line":75,"column":7}},"loc":{"start":{"line":75,"column":26},"end":{"line":88,"column":3}}},"7":{"name":"(anonymous_11)","decl":{"start":{"line":90,"column":2},"end":{"line":90,"column":7}},"loc":{"start":{"line":92,"column":21},"end":{"line":125,"column":3}}}},"branchMap":{"0":{"loc":{"start":{"line":22,"column":4},"end":{"line":24,"column":null}},"type":"if","locations":[{"start":{"line":22,"column":4},"end":{"line":24,"column":null}},{"start":{"line":22,"column":4},"end":{"line":24,"column":null}}]},"1":{"loc":{"start":{"line":26,"column":4},"end":{"line":28,"column":null}},"type":"if","locations":[{"start":{"line":26,"column":4},"end":{"line":28,"column":null}},{"start":{"line":26,"column":4},"end":{"line":28,"column":null}}]},"2":{"loc":{"start":{"line":30,"column":4},"end":{"line":32,"column":null}},"type":"if","locations":[{"start":{"line":30,"column":4},"end":{"line":32,"column":null}},{"start":{"line":30,"column":4},"end":{"line":32,"column":null}}]},"3":{"loc":{"start":{"line":43,"column":4},"end":{"line":48,"column":null}},"type":"if","locations":[{"start":{"line":43,"column":4},"end":{"line":48,"column":null}},{"start":{"line":43,"column":4},"end":{"line":48,"column":null}}]},"4":{"loc":{"start":{"line":43,"column":8},"end":{"line":43,"column":13}},"type":"binary-expr","locations":[{"start":{"line":43,"column":8},"end":{"line":43,"column":13}},{"start":{"line":43,"column":17},"end":{"line":43,"column":56}}]},"5":{"loc":{"start":{"line":57,"column":4},"end":{"line":59,"column":null}},"type":"if","locations":[{"start":{"line":57,"column":4},"end":{"line":59,"column":null}},{"start":{"line":57,"column":4},"end":{"line":59,"column":null}}]},"6":{"loc":{"start":{"line":78,"column":4},"end":{"line":83,"column":null}},"type":"if","locations":[{"start":{"line":78,"column":4},"end":{"line":83,"column":null}},{"start":{"line":78,"column":4},"end":{"line":83,"column":null}}]},"7":{"loc":{"start":{"line":97,"column":4},"end":{"line":99,"column":null}},"type":"if","locations":[{"start":{"line":97,"column":4},"end":{"line":99,"column":null}},{"start":{"line":97,"column":4},"end":{"line":99,"column":null}}]},"8":{"loc":{"start":{"line":100,"column":4},"end":{"line":105,"column":null}},"type":"if","locations":[{"start":{"line":100,"column":4},"end":{"line":105,"column":null}},{"start":{"line":100,"column":4},"end":{"line":105,"column":null}}]},"9":{"loc":{"start":{"line":106,"column":4},"end":{"line":111,"column":null}},"type":"if","locations":[{"start":{"line":106,"column":4},"end":{"line":111,"column":null}},{"start":{"line":106,"column":4},"end":{"line":111,"column":null}}]},"10":{"loc":{"start":{"line":113,"column":4},"end":{"line":115,"column":null}},"type":"if","locations":[{"start":{"line":113,"column":4},"end":{"line":115,"column":null}},{"start":{"line":113,"column":4},"end":{"line":115,"column":null}}]},"11":{"loc":{"start":{"line":116,"column":4},"end":{"line":121,"column":null}},"type":"if","locations":[{"start":{"line":116,"column":4},"end":{"line":121,"column":null}},{"start":{"line":116,"column":4},"end":{"line":121,"column":null}}]}},"s":{"0":2,"1":2,"2":2,"3":2,"4":2,"5":2,"6":6,"7":1,"8":3,"9":3,"10":3,"11":1,"12":2,"13":2,"14":0,"15":2,"16":2,"17":2,"18":2,"19":2,"20":1,"21":1,"22":0,"23":0,"24":0,"25":0,"26":0,"27":0,"28":0,"29":0,"30":0,"31":0,"32":0,"33":0,"34":0,"35":0,"36":0,"37":0,"38":0,"39":0,"40":0,"41":0,"42":0,"43":0,"44":0,"45":0,"46":0,"47":0,"48":0,"49":0,"50":2,"51":2},"f":{"0":6,"1":1,"2":3,"3":1,"4":0,"5":0,"6":0,"7":0},"b":{"0":[1,2],"1":[0,2],"2":[2,0],"3":[0,0],"4":[1,1],"5":[0,0],"6":[0,0],"7":[0,0],"8":[0,0],"9":[0,0],"10":[0,0],"11":[0,0]}}
}
