TN:
SF:/Users/iscetinin/Desktop/Development/test-task/src/modules/user/__tests__/fixtures.ts
FN:36,(anonymous_0)
FN:55,(anonymous_1)
FNF:2
FNH:2
FNDA:6,(anonymous_0)
FNDA:8,(anonymous_1)
DA:1,2
DA:2,2
DA:4,2
DA:15,2
DA:26,2
DA:36,6
DA:44,2
DA:55,8
LF:8
LH:8
BRF:0
BRH:0
end_of_record
TN:
SF:/Users/iscetinin/Desktop/Development/test-task/src/modules/user/dto/create-user.dto.ts
FNF:0
FNH:0
DA:1,1
DA:7,1
DA:11,1
DA:16,1
DA:22,1
DA:29,1
DA:32,1
LF:7
LH:7
BRF:0
BRH:0
end_of_record
TN:
SF:/Users/iscetinin/Desktop/Development/test-task/src/modules/user/dto/index.ts
FNF:0
FNH:0
DA:1,1
LF:1
LH:1
BRF:0
BRH:0
end_of_record
TN:
SF:/Users/iscetinin/Desktop/Development/test-task/src/modules/user/entities/index.ts
FNF:0
FNH:0
DA:1,2
LF:1
LH:1
BRF:0
BRH:0
end_of_record
TN:
SF:/Users/iscetinin/Desktop/Development/test-task/src/modules/user/entities/user.entity.ts
FN:85,(anonymous_2)
FN:89,(anonymous_3)
FN:94,(anonymous_4)
FN:24,(anonymous_5)
FN:51,(anonymous_6)
FN:58,(anonymous_7)
FN:67,(anonymous_8)
FN:69,(anonymous_9)
FN:70,(anonymous_10)
FN:75,(anonymous_11)
FN:77,(anonymous_12)
FN:78,(anonymous_13)
FNF:12
FNH:0
FNDA:0,(anonymous_2)
FNDA:0,(anonymous_3)
FNDA:0,(anonymous_4)
FNDA:0,(anonymous_5)
FNDA:0,(anonymous_6)
FNDA:0,(anonymous_7)
FNDA:0,(anonymous_8)
FNDA:0,(anonymous_9)
FNDA:0,(anonymous_10)
FNDA:0,(anonymous_11)
FNDA:0,(anonymous_12)
FNDA:0,(anonymous_13)
DA:1,2
DA:13,2
DA:14,2
DA:15,2
DA:17,2
DA:22,2
DA:24,0
DA:25,2
DA:29,2
DA:36,2
DA:39,2
DA:43,2
DA:47,2
DA:51,0
DA:54,2
DA:58,0
DA:61,2
DA:65,2
DA:67,0
DA:69,0
DA:70,0
DA:73,2
DA:75,0
DA:77,0
DA:78,0
DA:82,2
DA:85,2
DA:86,0
DA:90,0
DA:94,2
DA:95,0
DA:97,0
LF:32
LH:19
BRF:0
BRH:0
end_of_record
TN:
SF:/Users/iscetinin/Desktop/Development/test-task/src/modules/user/guards/index.ts
FNF:0
FNH:0
DA:1,1
LF:1
LH:1
BRF:0
BRH:0
end_of_record
TN:
SF:/Users/iscetinin/Desktop/Development/test-task/src/modules/user/guards/user.guard.ts
FN:13,(anonymous_1)
FN:31,(anonymous_2)
FNF:2
FNH:0
FNDA:0,(anonymous_1)
FNDA:0,(anonymous_2)
DA:1,1
DA:8,1
DA:9,1
DA:12,1
DA:14,0
DA:15,0
DA:16,0
DA:17,0
DA:19,0
DA:20,0
DA:22,0
DA:23,0
DA:24,0
DA:26,0
DA:27,0
DA:32,0
DA:33,0
DA:35,0
DA:37,0
DA:38,0
DA:40,0
DA:41,0
LF:22
LH:4
BRDA:15,0,0,0
BRDA:15,0,1,0
BRDA:16,1,0,0
BRDA:16,1,1,0
BRDA:23,2,0,0
BRDA:23,2,1,0
BRDA:32,3,0,0
BRDA:32,3,1,0
BRDA:40,4,0,0
BRDA:40,4,1,0
BRF:10
BRH:0
end_of_record
TN:
SF:/Users/iscetinin/Desktop/Development/test-task/src/modules/user/interfaces/index.ts
FNF:0
FNH:0
DA:2,2
LF:1
LH:1
BRF:0
BRH:0
end_of_record
TN:
SF:/Users/iscetinin/Desktop/Development/test-task/src/modules/user/interfaces/user.type.ts
FN:1,(anonymous_0)
FNF:1
FNH:1
FNDA:2,(anonymous_0)
DA:1,2
DA:2,2
DA:3,2
DA:4,2
LF:4
LH:4
BRDA:1,0,0,2
BRDA:1,0,1,2
BRF:2
BRH:2
end_of_record
TN:
SF:/Users/iscetinin/Desktop/Development/test-task/src/modules/user/resolvers/index.ts
FNF:0
FNH:0
DA:1,1
LF:1
LH:1
BRF:0
BRH:0
end_of_record
TN:
SF:/Users/iscetinin/Desktop/Development/test-task/src/modules/user/resolvers/user.resolver.ts
FN:11,(anonymous_4)
FN:15,(anonymous_5)
FN:21,(anonymous_6)
FN:29,(anonymous_7)
FN:34,(anonymous_8)
FN:42,(anonymous_9)
FN:47,(anonymous_10)
FN:56,(anonymous_11)
FN:13,(anonymous_12)
FN:19,(anonymous_13)
FN:28,(anonymous_14)
FN:33,(anonymous_15)
FN:41,(anonymous_16)
FN:46,(anonymous_17)
FN:54,(anonymous_18)
FN:9,(anonymous_19)
FNF:16
FNH:9
FNDA:8,(anonymous_4)
FNDA:1,(anonymous_5)
FNDA:1,(anonymous_6)
FNDA:1,(anonymous_7)
FNDA:1,(anonymous_8)
FNDA:1,(anonymous_9)
FNDA:1,(anonymous_10)
FNDA:1,(anonymous_11)
FNDA:0,(anonymous_12)
FNDA:0,(anonymous_13)
FNDA:0,(anonymous_14)
FNDA:0,(anonymous_15)
FNDA:0,(anonymous_16)
FNDA:0,(anonymous_17)
FNDA:0,(anonymous_18)
FNDA:2,(anonymous_19)
DA:1,1
DA:2,1
DA:4,1
DA:5,1
DA:6,1
DA:7,1
DA:9,2
DA:10,1
DA:11,8
DA:13,0
DA:15,1
DA:16,1
DA:19,0
DA:21,1
DA:25,1
DA:28,0
DA:29,1
DA:30,1
DA:33,0
DA:34,1
DA:38,1
DA:41,0
DA:42,1
DA:43,1
DA:46,0
DA:47,1
DA:51,1
DA:54,0
DA:56,1
DA:57,1
LF:30
LH:23
BRF:0
BRH:0
end_of_record
TN:
SF:/Users/iscetinin/Desktop/Development/test-task/src/modules/user/services/index.ts
FNF:0
FNH:0
DA:1,2
LF:1
LH:1
BRF:0
BRH:0
end_of_record
TN:
SF:/Users/iscetinin/Desktop/Development/test-task/src/modules/user/services/user.service.ts
FN:11,(anonymous_4)
FN:15,(anonymous_5)
FN:19,(anonymous_6)
FN:38,(anonymous_7)
FN:53,(anonymous_8)
FN:64,(anonymous_9)
FN:75,(anonymous_10)
FN:90,(anonymous_11)
FNF:8
FNH:4
FNDA:6,(anonymous_4)
FNDA:1,(anonymous_5)
FNDA:3,(anonymous_6)
FNDA:1,(anonymous_7)
FNDA:0,(anonymous_8)
FNDA:0,(anonymous_9)
FNDA:0,(anonymous_10)
FNDA:0,(anonymous_11)
DA:1,2
DA:2,2
DA:3,2
DA:5,2
DA:7,2
DA:10,2
DA:12,6
DA:16,1
DA:20,3
DA:21,3
DA:22,3
DA:23,1
DA:25,2
DA:26,2
DA:27,0
DA:29,2
DA:30,2
DA:31,2
DA:33,2
DA:35,2
DA:39,1
DA:43,1
DA:44,0
DA:50,0
DA:54,0
DA:57,0
DA:58,0
DA:61,0
DA:65,0
DA:66,0
DA:68,0
DA:76,0
DA:78,0
DA:79,0
DA:85,0
DA:87,0
DA:94,0
DA:97,0
DA:98,0
DA:100,0
DA:101,0
DA:106,0
DA:107,0
DA:112,0
DA:113,0
DA:114,0
DA:116,0
DA:117,0
DA:123,0
DA:124,0
LF:50
LH:21
BRDA:22,0,0,1
BRDA:22,0,1,2
BRDA:26,1,0,0
BRDA:26,1,1,2
BRDA:30,2,0,2
BRDA:30,2,1,0
BRDA:43,3,0,0
BRDA:43,3,1,0
BRDA:43,4,0,1
BRDA:43,4,1,1
BRDA:57,5,0,0
BRDA:57,5,1,0
BRDA:78,6,0,0
BRDA:78,6,1,0
BRDA:97,7,0,0
BRDA:97,7,1,0
BRDA:100,8,0,0
BRDA:100,8,1,0
BRDA:106,9,0,0
BRDA:106,9,1,0
BRDA:113,10,0,0
BRDA:113,10,1,0
BRDA:116,11,0,0
BRDA:116,11,1,0
BRF:24
BRH:6
end_of_record
